2018-10-05T16:01:27+00:00 CRITICAL Uncaught Error: Call to undefined function estore_primary_menu() in C:\OpenServer\domains\study.woo\wp-content\themes\e-store\header.php:150
Stack trace:
#0 C:\OpenServer\domains\study.woo\wp-includes\template.php(688): require_once()
#1 C:\OpenServer\domains\study.woo\wp-includes\template.php(647): load_template('C:\\OpenServer\\d...', true)
#2 C:\OpenServer\domains\study.woo\wp-includes\general-template.php(41): locate_template(Array, true)
#3 C:\OpenServer\domains\study.woo\wp-content\themes\e-store\index.php(15): get_header()
#4 C:\OpenServer\domains\study.woo\wp-includes\template-loader.php(74): include('C:\\OpenServer\\d...')
#5 C:\OpenServer\domains\study.woo\wp-blog-header.php(19): require_once('C:\\OpenServer\\d...')
#6 C:\OpenServer\domains\study.woo\index.php(17): require('C:\\OpenServer\\d...')
#7 {main}
  thrown

2018-10-05T16:01:28+00:00 CRITICAL Uncaught Error: Call to undefined function estore_primary_menu() in C:\OpenServer\domains\study.woo\wp-content\themes\e-store\header.php:150
Stack trace:
#0 C:\OpenServer\domains\study.woo\wp-includes\template.php(688): require_once()
#1 C:\OpenServer\domains\study.woo\wp-includes\template.php(647): load_template('C:\\OpenServer\\d...', true)
#2 C:\OpenServer\domains\study.woo\wp-includes\general-template.php(41): locate_template(Array, true)
#3 C:\OpenServer\domains\study.woo\wp-content\themes\e-store\404.php(10): get_header()
#4 C:\OpenServer\domains\study.woo\wp-includes\template-loader.php(74): include('C:\\OpenServer\\d...')
#5 C:\OpenServer\domains\study.woo\wp-blog-header.php(19): require_once('C:\\OpenServer\\d...')
#6 C:\OpenServer\domains\study.woo\index.php(17): require('C:\\OpenServer\\d...')
#7 {main}
  thrown

2018-10-05T16:49:46+00:00 CRITICAL Uncaught Error: Call to undefined function estore_primary_menu() in C:\OpenServer\domains\study.woo\wp-content\themes\e-store\header.php:150
Stack trace:
#0 C:\OpenServer\domains\study.woo\wp-includes\template.php(688): require_once()
#1 C:\OpenServer\domains\study.woo\wp-includes\template.php(647): load_template('C:\\OpenServer\\d...', true)
#2 C:\OpenServer\domains\study.woo\wp-includes\general-template.php(41): locate_template(Array, true)
#3 C:\OpenServer\domains\study.woo\wp-content\themes\e-store\index.php(15): get_header()
#4 C:\OpenServer\domains\study.woo\wp-includes\template-loader.php(74): include('C:\\OpenServer\\d...')
#5 C:\OpenServer\domains\study.woo\wp-blog-header.php(19): require_once('C:\\OpenServer\\d...')
#6 C:\OpenServer\domains\study.woo\index.php(17): require('C:\\OpenServer\\d...')
#7 {main}
  thrown

2018-10-05T16:49:47+00:00 CRITICAL Uncaught Error: Call to undefined function estore_primary_menu() in C:\OpenServer\domains\study.woo\wp-content\themes\e-store\header.php:150
Stack trace:
#0 C:\OpenServer\domains\study.woo\wp-includes\template.php(688): require_once()
#1 C:\OpenServer\domains\study.woo\wp-includes\template.php(647): load_template('C:\\OpenServer\\d...', true)
#2 C:\OpenServer\domains\study.woo\wp-includes\general-template.php(41): locate_template(Array, true)
#3 C:\OpenServer\domains\study.woo\wp-content\themes\e-store\404.php(10): get_header()
#4 C:\OpenServer\domains\study.woo\wp-includes\template-loader.php(74): include('C:\\OpenServer\\d...')
#5 C:\OpenServer\domains\study.woo\wp-blog-header.php(19): require_once('C:\\OpenServer\\d...')
#6 C:\OpenServer\domains\study.woo\index.php(17): require('C:\\OpenServer\\d...')
#7 {main}
  thrown

