2018-09-18T11:21:17+00:00 CRITICAL Uncaught Error: Call to undefined function get_template_parts() in C:\OpenServer\domains\study.woo\wp-content\themes\e-store\header.php:58
Stack trace:
#0 C:\OpenServer\domains\study.woo\wp-includes\template.php(688): require_once()
#1 C:\OpenServer\domains\study.woo\wp-includes\template.php(647): load_template('C:\\OpenServer\\d...', true)
#2 C:\OpenServer\domains\study.woo\wp-includes\general-template.php(41): locate_template(Array, true)
#3 C:\OpenServer\domains\study.woo\wp-content\themes\e-store\index.php(15): get_header()
#4 C:\OpenServer\domains\study.woo\wp-includes\template-loader.php(74): include('C:\\OpenServer\\d...')
#5 C:\OpenServer\domains\study.woo\wp-blog-header.php(19): require_once('C:\\OpenServer\\d...')
#6 C:\OpenServer\domains\study.woo\index.php(17): require('C:\\OpenServer\\d...')
#7 {main}
  thrown

2018-09-18T11:21:17+00:00 CRITICAL Uncaught Error: Call to undefined function get_template_parts() in C:\OpenServer\domains\study.woo\wp-content\themes\e-store\header.php:58
Stack trace:
#0 C:\OpenServer\domains\study.woo\wp-includes\template.php(688): require_once()
#1 C:\OpenServer\domains\study.woo\wp-includes\template.php(647): load_template('C:\\OpenServer\\d...', true)
#2 C:\OpenServer\domains\study.woo\wp-includes\general-template.php(41): locate_template(Array, true)
#3 C:\OpenServer\domains\study.woo\wp-content\themes\e-store\404.php(10): get_header()
#4 C:\OpenServer\domains\study.woo\wp-includes\template-loader.php(74): include('C:\\OpenServer\\d...')
#5 C:\OpenServer\domains\study.woo\wp-blog-header.php(19): require_once('C:\\OpenServer\\d...')
#6 C:\OpenServer\domains\study.woo\index.php(17): require('C:\\OpenServer\\d...')
#7 {main}
  thrown

2018-09-18T11:21:36+00:00 CRITICAL Uncaught Error: Call to undefined function get_template_parts() in C:\OpenServer\domains\study.woo\wp-content\themes\e-store\header.php:58
Stack trace:
#0 C:\OpenServer\domains\study.woo\wp-includes\template.php(688): require_once()
#1 C:\OpenServer\domains\study.woo\wp-includes\template.php(647): load_template('C:\\OpenServer\\d...', true)
#2 C:\OpenServer\domains\study.woo\wp-includes\general-template.php(41): locate_template(Array, true)
#3 C:\OpenServer\domains\study.woo\wp-content\themes\e-store\index.php(15): get_header()
#4 C:\OpenServer\domains\study.woo\wp-includes\template-loader.php(74): include('C:\\OpenServer\\d...')
#5 C:\OpenServer\domains\study.woo\wp-blog-header.php(19): require_once('C:\\OpenServer\\d...')
#6 C:\OpenServer\domains\study.woo\index.php(17): require('C:\\OpenServer\\d...')
#7 {main}
  thrown

2018-09-18T11:21:36+00:00 CRITICAL Uncaught Error: Call to undefined function get_template_parts() in C:\OpenServer\domains\study.woo\wp-content\themes\e-store\header.php:58
Stack trace:
#0 C:\OpenServer\domains\study.woo\wp-includes\template.php(688): require_once()
#1 C:\OpenServer\domains\study.woo\wp-includes\template.php(647): load_template('C:\\OpenServer\\d...', true)
#2 C:\OpenServer\domains\study.woo\wp-includes\general-template.php(41): locate_template(Array, true)
#3 C:\OpenServer\domains\study.woo\wp-content\themes\e-store\404.php(10): get_header()
#4 C:\OpenServer\domains\study.woo\wp-includes\template-loader.php(74): include('C:\\OpenServer\\d...')
#5 C:\OpenServer\domains\study.woo\wp-blog-header.php(19): require_once('C:\\OpenServer\\d...')
#6 C:\OpenServer\domains\study.woo\index.php(17): require('C:\\OpenServer\\d...')
#7 {main}
  thrown

2018-09-18T11:21:38+00:00 CRITICAL Uncaught Error: Call to undefined function get_template_parts() in C:\OpenServer\domains\study.woo\wp-content\themes\e-store\header.php:58
Stack trace:
#0 C:\OpenServer\domains\study.woo\wp-includes\template.php(688): require_once()
#1 C:\OpenServer\domains\study.woo\wp-includes\template.php(647): load_template('C:\\OpenServer\\d...', true)
#2 C:\OpenServer\domains\study.woo\wp-includes\general-template.php(41): locate_template(Array, true)
#3 C:\OpenServer\domains\study.woo\wp-content\themes\e-store\index.php(15): get_header()
#4 C:\OpenServer\domains\study.woo\wp-includes\template-loader.php(74): include('C:\\OpenServer\\d...')
#5 C:\OpenServer\domains\study.woo\wp-blog-header.php(19): require_once('C:\\OpenServer\\d...')
#6 C:\OpenServer\domains\study.woo\index.php(17): require('C:\\OpenServer\\d...')
#7 {main}
  thrown

2018-09-18T11:21:38+00:00 CRITICAL Uncaught Error: Call to undefined function get_template_parts() in C:\OpenServer\domains\study.woo\wp-content\themes\e-store\header.php:58
Stack trace:
#0 C:\OpenServer\domains\study.woo\wp-includes\template.php(688): require_once()
#1 C:\OpenServer\domains\study.woo\wp-includes\template.php(647): load_template('C:\\OpenServer\\d...', true)
#2 C:\OpenServer\domains\study.woo\wp-includes\general-template.php(41): locate_template(Array, true)
#3 C:\OpenServer\domains\study.woo\wp-content\themes\e-store\index.php(15): get_header()
#4 C:\OpenServer\domains\study.woo\wp-includes\template-loader.php(74): include('C:\\OpenServer\\d...')
#5 C:\OpenServer\domains\study.woo\wp-blog-header.php(19): require_once('C:\\OpenServer\\d...')
#6 C:\OpenServer\domains\study.woo\index.php(17): require('C:\\OpenServer\\d...')
#7 {main}
  thrown

2018-09-18T11:21:39+00:00 CRITICAL Uncaught Error: Call to undefined function get_template_parts() in C:\OpenServer\domains\study.woo\wp-content\themes\e-store\header.php:58
Stack trace:
#0 C:\OpenServer\domains\study.woo\wp-includes\template.php(688): require_once()
#1 C:\OpenServer\domains\study.woo\wp-includes\template.php(647): load_template('C:\\OpenServer\\d...', true)
#2 C:\OpenServer\domains\study.woo\wp-includes\general-template.php(41): locate_template(Array, true)
#3 C:\OpenServer\domains\study.woo\wp-content\themes\e-store\404.php(10): get_header()
#4 C:\OpenServer\domains\study.woo\wp-includes\template-loader.php(74): include('C:\\OpenServer\\d...')
#5 C:\OpenServer\domains\study.woo\wp-blog-header.php(19): require_once('C:\\OpenServer\\d...')
#6 C:\OpenServer\domains\study.woo\index.php(17): require('C:\\OpenServer\\d...')
#7 {main}
  thrown

2018-09-18T11:21:59+00:00 CRITICAL Uncaught Error: Call to undefined function get_template_parts() in C:\OpenServer\domains\study.woo\wp-content\themes\e-store\header.php:58
Stack trace:
#0 C:\OpenServer\domains\study.woo\wp-includes\template.php(688): require_once()
#1 C:\OpenServer\domains\study.woo\wp-includes\template.php(647): load_template('C:\\OpenServer\\d...', true)
#2 C:\OpenServer\domains\study.woo\wp-includes\general-template.php(41): locate_template(Array, true)
#3 C:\OpenServer\domains\study.woo\wp-content\themes\e-store\index.php(15): get_header()
#4 C:\OpenServer\domains\study.woo\wp-includes\template-loader.php(74): include('C:\\OpenServer\\d...')
#5 C:\OpenServer\domains\study.woo\wp-blog-header.php(19): require_once('C:\\OpenServer\\d...')
#6 C:\OpenServer\domains\study.woo\index.php(17): require('C:\\OpenServer\\d...')
#7 {main}
  thrown

2018-09-18T11:22:00+00:00 CRITICAL Uncaught Error: Call to undefined function get_template_parts() in C:\OpenServer\domains\study.woo\wp-content\themes\e-store\header.php:58
Stack trace:
#0 C:\OpenServer\domains\study.woo\wp-includes\template.php(688): require_once()
#1 C:\OpenServer\domains\study.woo\wp-includes\template.php(647): load_template('C:\\OpenServer\\d...', true)
#2 C:\OpenServer\domains\study.woo\wp-includes\general-template.php(41): locate_template(Array, true)
#3 C:\OpenServer\domains\study.woo\wp-content\themes\e-store\404.php(10): get_header()
#4 C:\OpenServer\domains\study.woo\wp-includes\template-loader.php(74): include('C:\\OpenServer\\d...')
#5 C:\OpenServer\domains\study.woo\wp-blog-header.php(19): require_once('C:\\OpenServer\\d...')
#6 C:\OpenServer\domains\study.woo\index.php(17): require('C:\\OpenServer\\d...')
#7 {main}
  thrown

2018-09-18T11:22:41+00:00 CRITICAL Uncaught Error: Call to undefined function get_template_parts() in C:\OpenServer\domains\study.woo\wp-content\themes\e-store\header.php:58
Stack trace:
#0 C:\OpenServer\domains\study.woo\wp-includes\template.php(688): require_once()
#1 C:\OpenServer\domains\study.woo\wp-includes\template.php(647): load_template('C:\\OpenServer\\d...', true)
#2 C:\OpenServer\domains\study.woo\wp-includes\general-template.php(41): locate_template(Array, true)
#3 C:\OpenServer\domains\study.woo\wp-content\themes\e-store\index.php(15): get_header()
#4 C:\OpenServer\domains\study.woo\wp-includes\template-loader.php(74): include('C:\\OpenServer\\d...')
#5 C:\OpenServer\domains\study.woo\wp-blog-header.php(19): require_once('C:\\OpenServer\\d...')
#6 C:\OpenServer\domains\study.woo\index.php(17): require('C:\\OpenServer\\d...')
#7 {main}
  thrown

2018-09-18T11:22:41+00:00 CRITICAL Uncaught Error: Call to undefined function get_template_parts() in C:\OpenServer\domains\study.woo\wp-content\themes\e-store\header.php:58
Stack trace:
#0 C:\OpenServer\domains\study.woo\wp-includes\template.php(688): require_once()
#1 C:\OpenServer\domains\study.woo\wp-includes\template.php(647): load_template('C:\\OpenServer\\d...', true)
#2 C:\OpenServer\domains\study.woo\wp-includes\general-template.php(41): locate_template(Array, true)
#3 C:\OpenServer\domains\study.woo\wp-content\themes\e-store\404.php(10): get_header()
#4 C:\OpenServer\domains\study.woo\wp-includes\template-loader.php(74): include('C:\\OpenServer\\d...')
#5 C:\OpenServer\domains\study.woo\wp-blog-header.php(19): require_once('C:\\OpenServer\\d...')
#6 C:\OpenServer\domains\study.woo\index.php(17): require('C:\\OpenServer\\d...')
#7 {main}
  thrown

2018-09-18T11:23:16+00:00 CRITICAL Uncaught Error: Call to undefined function get_template_parts() in C:\OpenServer\domains\study.woo\wp-content\themes\e-store\header.php:58
Stack trace:
#0 C:\OpenServer\domains\study.woo\wp-includes\template.php(688): require_once()
#1 C:\OpenServer\domains\study.woo\wp-includes\template.php(647): load_template('C:\\OpenServer\\d...', true)
#2 C:\OpenServer\domains\study.woo\wp-includes\general-template.php(41): locate_template(Array, true)
#3 C:\OpenServer\domains\study.woo\wp-content\themes\e-store\index.php(15): get_header()
#4 C:\OpenServer\domains\study.woo\wp-includes\template-loader.php(74): include('C:\\OpenServer\\d...')
#5 C:\OpenServer\domains\study.woo\wp-blog-header.php(19): require_once('C:\\OpenServer\\d...')
#6 C:\OpenServer\domains\study.woo\index.php(17): require('C:\\OpenServer\\d...')
#7 {main}
  thrown

2018-09-18T11:23:17+00:00 CRITICAL Uncaught Error: Call to undefined function get_template_parts() in C:\OpenServer\domains\study.woo\wp-content\themes\e-store\header.php:58
Stack trace:
#0 C:\OpenServer\domains\study.woo\wp-includes\template.php(688): require_once()
#1 C:\OpenServer\domains\study.woo\wp-includes\template.php(647): load_template('C:\\OpenServer\\d...', true)
#2 C:\OpenServer\domains\study.woo\wp-includes\general-template.php(41): locate_template(Array, true)
#3 C:\OpenServer\domains\study.woo\wp-content\themes\e-store\index.php(15): get_header()
#4 C:\OpenServer\domains\study.woo\wp-includes\template-loader.php(74): include('C:\\OpenServer\\d...')
#5 C:\OpenServer\domains\study.woo\wp-blog-header.php(19): require_once('C:\\OpenServer\\d...')
#6 C:\OpenServer\domains\study.woo\index.php(17): require('C:\\OpenServer\\d...')
#7 {main}
  thrown

2018-09-18T11:23:17+00:00 CRITICAL Uncaught Error: Call to undefined function get_template_parts() in C:\OpenServer\domains\study.woo\wp-content\themes\e-store\header.php:58
Stack trace:
#0 C:\OpenServer\domains\study.woo\wp-includes\template.php(688): require_once()
#1 C:\OpenServer\domains\study.woo\wp-includes\template.php(647): load_template('C:\\OpenServer\\d...', true)
#2 C:\OpenServer\domains\study.woo\wp-includes\general-template.php(41): locate_template(Array, true)
#3 C:\OpenServer\domains\study.woo\wp-content\themes\e-store\404.php(10): get_header()
#4 C:\OpenServer\domains\study.woo\wp-includes\template-loader.php(74): include('C:\\OpenServer\\d...')
#5 C:\OpenServer\domains\study.woo\wp-blog-header.php(19): require_once('C:\\OpenServer\\d...')
#6 C:\OpenServer\domains\study.woo\index.php(17): require('C:\\OpenServer\\d...')
#7 {main}
  thrown

2018-09-18T13:43:10+00:00 CRITICAL Uncaught Error: Call to undefined function get_vd() in C:\OpenServer\domains\study.woo\wp-content\themes\e-store\header.php:100
Stack trace:
#0 C:\OpenServer\domains\study.woo\wp-includes\template.php(688): require_once()
#1 C:\OpenServer\domains\study.woo\wp-includes\template.php(647): load_template('C:\\OpenServer\\d...', true)
#2 C:\OpenServer\domains\study.woo\wp-includes\general-template.php(41): locate_template(Array, true)
#3 C:\OpenServer\domains\study.woo\wp-content\themes\e-store\index.php(15): get_header()
#4 C:\OpenServer\domains\study.woo\wp-includes\template-loader.php(74): include('C:\\OpenServer\\d...')
#5 C:\OpenServer\domains\study.woo\wp-blog-header.php(19): require_once('C:\\OpenServer\\d...')
#6 C:\OpenServer\domains\study.woo\index.php(17): require('C:\\OpenServer\\d...')
#7 {main}
  thrown

2018-09-18T13:43:10+00:00 CRITICAL Uncaught Error: Call to undefined function get_vd() in C:\OpenServer\domains\study.woo\wp-content\themes\e-store\header.php:100
Stack trace:
#0 C:\OpenServer\domains\study.woo\wp-includes\template.php(688): require_once()
#1 C:\OpenServer\domains\study.woo\wp-includes\template.php(647): load_template('C:\\OpenServer\\d...', true)
#2 C:\OpenServer\domains\study.woo\wp-includes\general-template.php(41): locate_template(Array, true)
#3 C:\OpenServer\domains\study.woo\wp-content\themes\e-store\404.php(10): get_header()
#4 C:\OpenServer\domains\study.woo\wp-includes\template-loader.php(74): include('C:\\OpenServer\\d...')
#5 C:\OpenServer\domains\study.woo\wp-blog-header.php(19): require_once('C:\\OpenServer\\d...')
#6 C:\OpenServer\domains\study.woo\index.php(17): require('C:\\OpenServer\\d...')
#7 {main}
  thrown

